  Final.cpp
C:\ProyectoGrafica\include\shader_m.h(44,40): warning C4101: 'e': variable local sin referencia
C:\ProyectoGrafica\include\modelAnim.h(104,44): warning C4244: '=': conversión de 'double' a 'float'; posible pérdida de datos
C:\ProyectoGrafica\include\modelAnim.h(520,24): warning C4244: 'inicializando': conversión de 'double' a 'float'; posible pérdida de datos
C:\ProyectoGrafica\Final.cpp(79,14): warning C4305: 'inicializando': truncamiento de 'double' a 'float'
C:\ProyectoGrafica\Final.cpp(307,22): warning C4305: '+=': truncamiento de 'double' a 'float'
C:\ProyectoGrafica\Final.cpp(329,28): warning C4305: '=': truncamiento de 'double' a 'float'
C:\ProyectoGrafica\Final.cpp(354,16): warning C4305: '+=': truncamiento de 'double' a 'float'
C:\ProyectoGrafica\Final.cpp(414,18): warning C4305: '+=': truncamiento de 'double' a 'float'
C:\ProyectoGrafica\Final.cpp(415,21): warning C4305: '-=': truncamiento de 'double' a 'float'
C:\ProyectoGrafica\Final.cpp(428,32): warning C4305: '+=': truncamiento de 'double' a 'float'
C:\ProyectoGrafica\Final.cpp(507,49): warning C4244: '=': conversión de 'double' a 'float'; posible pérdida de datos
C:\ProyectoGrafica\Final.cpp(509,39): warning C4244: '=': conversión de 'double' a 'float'; posible pérdida de datos
C:\ProyectoGrafica\Final.cpp(511,23): warning C4305: '-=': truncamiento de 'double' a 'float'
C:\ProyectoGrafica\Final.cpp(512,23): warning C4305: '+=': truncamiento de 'double' a 'float'
C:\ProyectoGrafica\Final.cpp(528,28): warning C4305: '=': truncamiento de 'double' a 'float'
C:\ProyectoGrafica\Final.cpp(563,24): warning C4305: '-=': truncamiento de 'double' a 'float'
C:\ProyectoGrafica\Final.cpp(586,22): warning C4305: '+=': truncamiento de 'double' a 'float'
C:\ProyectoGrafica\Final.cpp(597,22): warning C4305: '-=': truncamiento de 'double' a 'float'
C:\ProyectoGrafica\Final.cpp(598,28): warning C4305: '+=': truncamiento de 'double' a 'float'
C:\ProyectoGrafica\Final.cpp(599,29): warning C4305: '+=': truncamiento de 'double' a 'float'
C:\ProyectoGrafica\Final.cpp(600,29): warning C4305: '-=': truncamiento de 'double' a 'float'
C:\ProyectoGrafica\Final.cpp(604,22): warning C4305: '-=': truncamiento de 'double' a 'float'
C:\ProyectoGrafica\Final.cpp(605,24): warning C4305: '-=': truncamiento de 'double' a 'float'
C:\ProyectoGrafica\Final.cpp(606,28): warning C4305: '-=': truncamiento de 'double' a 'float'
C:\ProyectoGrafica\Final.cpp(607,29): warning C4305: '-=': truncamiento de 'double' a 'float'
C:\ProyectoGrafica\Final.cpp(608,29): warning C4305: '+=': truncamiento de 'double' a 'float'
C:\ProyectoGrafica\Final.cpp(612,24): warning C4305: '-=': truncamiento de 'double' a 'float'
C:\ProyectoGrafica\Final.cpp(613,24): warning C4305: '+=': truncamiento de 'double' a 'float'
C:\ProyectoGrafica\Final.cpp(614,28): warning C4305: '+=': truncamiento de 'double' a 'float'
C:\ProyectoGrafica\Final.cpp(615,29): warning C4305: '+=': truncamiento de 'double' a 'float'
C:\ProyectoGrafica\Final.cpp(616,29): warning C4305: '-=': truncamiento de 'double' a 'float'
C:\ProyectoGrafica\Final.cpp(620,24): warning C4305: '-=': truncamiento de 'double' a 'float'
C:\ProyectoGrafica\Final.cpp(621,24): warning C4305: '+=': truncamiento de 'double' a 'float'
C:\ProyectoGrafica\Final.cpp(622,24): warning C4305: '-=': truncamiento de 'double' a 'float'
C:\ProyectoGrafica\Final.cpp(623,28): warning C4305: '-=': truncamiento de 'double' a 'float'
C:\ProyectoGrafica\Final.cpp(624,29): warning C4305: '-=': truncamiento de 'double' a 'float'
C:\ProyectoGrafica\Final.cpp(625,29): warning C4305: '+=': truncamiento de 'double' a 'float'
C:\ProyectoGrafica\Final.cpp(632,18): warning C4305: '+=': truncamiento de 'double' a 'float'
C:\ProyectoGrafica\Final.cpp(651,23): warning C4305: '+=': truncamiento de 'double' a 'float'
C:\ProyectoGrafica\Final.cpp(652,17): warning C4305: '+=': truncamiento de 'double' a 'float'
C:\ProyectoGrafica\Final.cpp(655,23): warning C4305: '-=': truncamiento de 'double' a 'float'
C:\ProyectoGrafica\Final.cpp(658,27): warning C4305: '-=': truncamiento de 'double' a 'float'
C:\ProyectoGrafica\Final.cpp(659,28): warning C4305: '-=': truncamiento de 'double' a 'float'
C:\ProyectoGrafica\Final.cpp(660,28): warning C4305: '+=': truncamiento de 'double' a 'float'
C:\ProyectoGrafica\Final.cpp(1317,11): warning C4244: '=': conversión de 'double' a 'float'; posible pérdida de datos
C:\ProyectoGrafica\Final.cpp(1318,11): warning C4244: '=': conversión de 'double' a 'float'; posible pérdida de datos
C:\ProyectoGrafica\Final.cpp(1322,16): warning C4244: 'inicializando': conversión de 'double' a 'float'; posible pérdida de datos
C:\ProyectoGrafica\Final.cpp(1323,16): warning C4244: 'inicializando': conversión de 'double' a 'float'; posible pérdida de datos
C:\ProyectoGrafica\Final.cpp(1325,10): warning C4244: '=': conversión de 'double' a 'float'; posible pérdida de datos
C:\ProyectoGrafica\Final.cpp(1326,10): warning C4244: '=': conversión de 'double' a 'float'; posible pérdida de datos
C:\ProyectoGrafica\Final.cpp(1334,28): warning C4244: 'argumento': conversión de 'double' a 'float'; posible pérdida de datos
  Project.vcxproj -> C:\ProyectoGrafica\Debug\Project.exe
